[debug] [2026-04-12T19:08:59.186Z] ----------------------------------------------------------------------
[debug] [2026-04-12T19:08:59.195Z] Command:       C:\Program Files\nodejs\node.exe C:\Users\Jason\AppData\Roaming\npm\node_modules\firebase-tools\lib\bin\firebase.js init
[debug] [2026-04-12T19:08:59.196Z] CLI Version:   15.14.0
[debug] [2026-04-12T19:08:59.197Z] Platform:      win32
[debug] [2026-04-12T19:08:59.197Z] Node Version:  v25.6.1
[debug] [2026-04-12T19:08:59.197Z] Time:          Sun Apr 12 2026 15:08:59 GMT-0400 (Bolivia Time)
[debug] [2026-04-12T19:08:59.198Z] ----------------------------------------------------------------------
[debug] 
[info] 
     ######## #### ########  ######## ########     ###     ######  ########
     ##        ##  ##     ## ##       ##     ##  ##   ##  ##       ##
     ######    ##  ########  ######   ########  #########  ######  ######
     ##        ##  ##    ##  ##       ##     ## ##     ##       ## ##
     ##       #### ##     ## ######## ########  ##     ##  ######  ########

You're about to initialize a Firebase project in this directory:

  C:\Users\Jason\Documents\UWI\INFO 1601\Assignments\PROJECT\PixelPals_INFO1601

[info] 
=== Project Setup
[info] 
[info] First, let's associate this project directory with a Firebase project.
[info] You can create multiple project aliases by running firebase use --add, 
[info] 
